0 info it worked if it ends with ok
1 verbose cli [ '/usr/local/bin/node', '/usr/local/bin/npm', 'install' ]
2 info using npm@1.4.28
3 info using node@v0.10.32
4 verbose readDependencies using package.json deps
5 verbose install where, deps [ '/home/janeko/node/Miriadax/quiz',
5 verbose install   [ 'express',
5 verbose install     'body-parser',
5 verbose install     'cookie-parser',
5 verbose install     'morgan',
5 verbose install     'serve-favicon',
5 verbose install     'debug',
5 verbose install     'ejs' ] ]
6 info preinstall quiz@0.0.0
7 verbose readDependencies using package.json deps
8 verbose cache add [ 'express@~4.9.0', null ]
9 verbose cache add name=undefined spec="express@~4.9.0" args=["express@~4.9.0",null]
10 verbose parsed url { protocol: null,
10 verbose parsed url   slashes: null,
10 verbose parsed url   auth: null,
10 verbose parsed url   host: null,
10 verbose parsed url   port: null,
10 verbose parsed url   hostname: null,
10 verbose parsed url   hash: null,
10 verbose parsed url   search: null,
10 verbose parsed url   query: null,
10 verbose parsed url   pathname: 'express@~4.9.0',
10 verbose parsed url   path: 'express@~4.9.0',
10 verbose parsed url   href: 'express@~4.9.0' }
11 verbose cache add [ 'body-parser@~1.8.1', null ]
12 verbose cache add name=undefined spec="body-parser@~1.8.1" args=["body-parser@~1.8.1",null]
13 verbose parsed url { protocol: null,
13 verbose parsed url   slashes: null,
13 verbose parsed url   auth: null,
13 verbose parsed url   host: null,
13 verbose parsed url   port: null,
13 verbose parsed url   hostname: null,
13 verbose parsed url   hash: null,
13 verbose parsed url   search: null,
13 verbose parsed url   query: null,
13 verbose parsed url   pathname: 'body-parser@~1.8.1',
13 verbose parsed url   path: 'body-parser@~1.8.1',
13 verbose parsed url   href: 'body-parser@~1.8.1' }
14 verbose cache add [ 'cookie-parser@~1.3.3', null ]
15 verbose cache add name=undefined spec="cookie-parser@~1.3.3" args=["cookie-parser@~1.3.3",null]
16 verbose parsed url { protocol: null,
16 verbose parsed url   slashes: null,
16 verbose parsed url   auth: null,
16 verbose parsed url   host: null,
16 verbose parsed url   port: null,
16 verbose parsed url   hostname: null,
16 verbose parsed url   hash: null,
16 verbose parsed url   search: null,
16 verbose parsed url   query: null,
16 verbose parsed url   pathname: 'cookie-parser@~1.3.3',
16 verbose parsed url   path: 'cookie-parser@~1.3.3',
16 verbose parsed url   href: 'cookie-parser@~1.3.3' }
17 verbose cache add [ 'morgan@~1.3.0', null ]
18 verbose cache add name=undefined spec="morgan@~1.3.0" args=["morgan@~1.3.0",null]
19 verbose parsed url { protocol: null,
19 verbose parsed url   slashes: null,
19 verbose parsed url   auth: null,
19 verbose parsed url   host: null,
19 verbose parsed url   port: null,
19 verbose parsed url   hostname: null,
19 verbose parsed url   hash: null,
19 verbose parsed url   search: null,
19 verbose parsed url   query: null,
19 verbose parsed url   pathname: 'morgan@~1.3.0',
19 verbose parsed url   path: 'morgan@~1.3.0',
19 verbose parsed url   href: 'morgan@~1.3.0' }
20 verbose cache add [ 'serve-favicon@~2.1.3', null ]
21 verbose cache add name=undefined spec="serve-favicon@~2.1.3" args=["serve-favicon@~2.1.3",null]
22 verbose parsed url { protocol: null,
22 verbose parsed url   slashes: null,
22 verbose parsed url   auth: null,
22 verbose parsed url   host: null,
22 verbose parsed url   port: null,
22 verbose parsed url   hostname: null,
22 verbose parsed url   hash: null,
22 verbose parsed url   search: null,
22 verbose parsed url   query: null,
22 verbose parsed url   pathname: 'serve-favicon@~2.1.3',
22 verbose parsed url   path: 'serve-favicon@~2.1.3',
22 verbose parsed url   href: 'serve-favicon@~2.1.3' }
23 verbose cache add name="express" spec="~4.9.0" args=["express","~4.9.0"]
24 verbose parsed url { protocol: null,
24 verbose parsed url   slashes: null,
24 verbose parsed url   auth: null,
24 verbose parsed url   host: null,
24 verbose parsed url   port: null,
24 verbose parsed url   hostname: null,
24 verbose parsed url   hash: null,
24 verbose parsed url   search: null,
24 verbose parsed url   query: null,
24 verbose parsed url   pathname: '~4.9.0',
24 verbose parsed url   path: '~4.9.0',
24 verbose parsed url   href: '~4.9.0' }
25 verbose addNamed [ 'express', '~4.9.0' ]
26 verbose addNamed [ null, '>=4.9.0-0 <4.10.0-0' ]
27 verbose cache add name="body-parser" spec="~1.8.1" args=["body-parser","~1.8.1"]
28 verbose parsed url { protocol: null,
28 verbose parsed url   slashes: null,
28 verbose parsed url   auth: null,
28 verbose parsed url   host: null,
28 verbose parsed url   port: null,
28 verbose parsed url   hostname: null,
28 verbose parsed url   hash: null,
28 verbose parsed url   search: null,
28 verbose parsed url   query: null,
28 verbose parsed url   pathname: '~1.8.1',
28 verbose parsed url   path: '~1.8.1',
28 verbose parsed url   href: '~1.8.1' }
29 verbose addNamed [ 'body-parser', '~1.8.1' ]
30 verbose addNamed [ null, '>=1.8.1-0 <1.9.0-0' ]
31 verbose cache add name="cookie-parser" spec="~1.3.3" args=["cookie-parser","~1.3.3"]
32 verbose parsed url { protocol: null,
32 verbose parsed url   slashes: null,
32 verbose parsed url   auth: null,
32 verbose parsed url   host: null,
32 verbose parsed url   port: null,
32 verbose parsed url   hostname: null,
32 verbose parsed url   hash: null,
32 verbose parsed url   search: null,
32 verbose parsed url   query: null,
32 verbose parsed url   pathname: '~1.3.3',
32 verbose parsed url   path: '~1.3.3',
32 verbose parsed url   href: '~1.3.3' }
33 verbose addNamed [ 'cookie-parser', '~1.3.3' ]
34 verbose addNamed [ null, '>=1.3.3-0 <1.4.0-0' ]
35 verbose cache add name="morgan" spec="~1.3.0" args=["morgan","~1.3.0"]
36 verbose parsed url { protocol: null,
36 verbose parsed url   slashes: null,
36 verbose parsed url   auth: null,
36 verbose parsed url   host: null,
36 verbose parsed url   port: null,
36 verbose parsed url   hostname: null,
36 verbose parsed url   hash: null,
36 verbose parsed url   search: null,
36 verbose parsed url   query: null,
36 verbose parsed url   pathname: '~1.3.0',
36 verbose parsed url   path: '~1.3.0',
36 verbose parsed url   href: '~1.3.0' }
37 verbose addNamed [ 'morgan', '~1.3.0' ]
38 verbose addNamed [ null, '>=1.3.0-0 <1.4.0-0' ]
39 verbose cache add [ 'debug@~2.0.0', null ]
40 verbose cache add name=undefined spec="debug@~2.0.0" args=["debug@~2.0.0",null]
41 verbose parsed url { protocol: null,
41 verbose parsed url   slashes: null,
41 verbose parsed url   auth: null,
41 verbose parsed url   host: null,
41 verbose parsed url   port: null,
41 verbose parsed url   hostname: null,
41 verbose parsed url   hash: null,
41 verbose parsed url   search: null,
41 verbose parsed url   query: null,
41 verbose parsed url   pathname: 'debug@~2.0.0',
41 verbose parsed url   path: 'debug@~2.0.0',
41 verbose parsed url   href: 'debug@~2.0.0' }
42 verbose cache add [ 'ejs@~0.8.5', null ]
43 verbose cache add name=undefined spec="ejs@~0.8.5" args=["ejs@~0.8.5",null]
44 verbose parsed url { protocol: null,
44 verbose parsed url   slashes: null,
44 verbose parsed url   auth: null,
44 verbose parsed url   host: null,
44 verbose parsed url   port: null,
44 verbose parsed url   hostname: null,
44 verbose parsed url   hash: null,
44 verbose parsed url   search: null,
44 verbose parsed url   query: null,
44 verbose parsed url   pathname: 'ejs@~0.8.5',
44 verbose parsed url   path: 'ejs@~0.8.5',
44 verbose parsed url   href: 'ejs@~0.8.5' }
45 verbose cache add name="serve-favicon" spec="~2.1.3" args=["serve-favicon","~2.1.3"]
46 verbose parsed url { protocol: null,
46 verbose parsed url   slashes: null,
46 verbose parsed url   auth: null,
46 verbose parsed url   host: null,
46 verbose parsed url   port: null,
46 verbose parsed url   hostname: null,
46 verbose parsed url   hash: null,
46 verbose parsed url   search: null,
46 verbose parsed url   query: null,
46 verbose parsed url   pathname: '~2.1.3',
46 verbose parsed url   path: '~2.1.3',
46 verbose parsed url   href: '~2.1.3' }
47 verbose addNamed [ 'serve-favicon', '~2.1.3' ]
48 verbose addNamed [ null, '>=2.1.3-0 <2.2.0-0' ]
49 silly lockFile 6ae7fa08-express-4-9-0 express@~4.9.0
50 verbose lock express@~4.9.0 /home/janeko/.npm/6ae7fa08-express-4-9-0.lock
51 silly lockFile a49948c1-body-parser-1-8-1 body-parser@~1.8.1
52 verbose lock body-parser@~1.8.1 /home/janeko/.npm/a49948c1-body-parser-1-8-1.lock
53 silly lockFile bf5babd8-cookie-parser-1-3-3 cookie-parser@~1.3.3
54 verbose lock cookie-parser@~1.3.3 /home/janeko/.npm/bf5babd8-cookie-parser-1-3-3.lock
55 silly lockFile a4a9bdf4-morgan-1-3-0 morgan@~1.3.0
56 verbose lock morgan@~1.3.0 /home/janeko/.npm/a4a9bdf4-morgan-1-3-0.lock
57 silly lockFile 38295489-serve-favicon-2-1-3 serve-favicon@~2.1.3
58 verbose lock serve-favicon@~2.1.3 /home/janeko/.npm/38295489-serve-favicon-2-1-3.lock
59 verbose cache add name="debug" spec="~2.0.0" args=["debug","~2.0.0"]
60 verbose parsed url { protocol: null,
60 verbose parsed url   slashes: null,
60 verbose parsed url   auth: null,
60 verbose parsed url   host: null,
60 verbose parsed url   port: null,
60 verbose parsed url   hostname: null,
60 verbose parsed url   hash: null,
60 verbose parsed url   search: null,
60 verbose parsed url   query: null,
60 verbose parsed url   pathname: '~2.0.0',
60 verbose parsed url   path: '~2.0.0',
60 verbose parsed url   href: '~2.0.0' }
61 verbose addNamed [ 'debug', '~2.0.0' ]
62 verbose addNamed [ null, '>=2.0.0-0 <2.1.0-0' ]
63 silly lockFile 12b6356d-debug-2-0-0 debug@~2.0.0
64 verbose lock debug@~2.0.0 /home/janeko/.npm/12b6356d-debug-2-0-0.lock
65 verbose cache add name="ejs" spec="~0.8.5" args=["ejs","~0.8.5"]
66 verbose parsed url { protocol: null,
66 verbose parsed url   slashes: null,
66 verbose parsed url   auth: null,
66 verbose parsed url   host: null,
66 verbose parsed url   port: null,
66 verbose parsed url   hostname: null,
66 verbose parsed url   hash: null,
66 verbose parsed url   search: null,
66 verbose parsed url   query: null,
66 verbose parsed url   pathname: '~0.8.5',
66 verbose parsed url   path: '~0.8.5',
66 verbose parsed url   href: '~0.8.5' }
67 verbose addNamed [ 'ejs', '~0.8.5' ]
68 verbose addNamed [ null, '>=0.8.5-0 <0.9.0-0' ]
69 silly lockFile 05610aaa-ejs-0-8-5 ejs@~0.8.5
70 verbose lock ejs@~0.8.5 /home/janeko/.npm/05610aaa-ejs-0-8-5.lock
71 silly addNameRange { name: 'express', range: '>=4.9.0-0 <4.10.0-0', hasData: false }
72 silly addNameRange { name: 'body-parser',
72 silly addNameRange   range: '>=1.8.1-0 <1.9.0-0',
72 silly addNameRange   hasData: false }
73 silly addNameRange { name: 'cookie-parser',
73 silly addNameRange   range: '>=1.3.3-0 <1.4.0-0',
73 silly addNameRange   hasData: false }
74 silly addNameRange { name: 'morgan', range: '>=1.3.0-0 <1.4.0-0', hasData: false }
75 silly addNameRange { name: 'serve-favicon',
75 silly addNameRange   range: '>=2.1.3-0 <2.2.0-0',
75 silly addNameRange   hasData: false }
76 silly addNameRange { name: 'debug', range: '>=2.0.0-0 <2.1.0-0', hasData: false }
77 silly addNameRange { name: 'ejs', range: '>=0.8.5-0 <0.9.0-0', hasData: false }
78 verbose request where is /ejs
79 verbose request registry https://registry.npmjs.org/
80 verbose request id a368c03d2e19b1da
81 verbose url raw /ejs
82 verbose url resolving [ 'https://registry.npmjs.org/', './ejs' ]
83 verbose url resolved https://registry.npmjs.org/ejs
84 verbose request where is https://registry.npmjs.org/ejs
85 info trying registry request attempt 1 at 11:00:29
86 http GET https://registry.npmjs.org/ejs
87 verbose request where is /cookie-parser
88 verbose request registry https://registry.npmjs.org/
89 verbose url raw /cookie-parser
90 verbose url resolving [ 'https://registry.npmjs.org/', './cookie-parser' ]
91 verbose url resolved https://registry.npmjs.org/cookie-parser
92 verbose request where is https://registry.npmjs.org/cookie-parser
93 info trying registry request attempt 1 at 11:00:29
94 verbose etag "DNWOLCWH6VGQO2BX5RUVRKF7L"
95 http GET https://registry.npmjs.org/cookie-parser
96 verbose request where is /body-parser
97 verbose request registry https://registry.npmjs.org/
98 verbose url raw /body-parser
99 verbose url resolving [ 'https://registry.npmjs.org/', './body-parser' ]
100 verbose url resolved https://registry.npmjs.org/body-parser
101 verbose request where is https://registry.npmjs.org/body-parser
102 info trying registry request attempt 1 at 11:00:29
103 verbose etag "1X110NJOXQGQD6OXPAK6D2GCT"
104 http GET https://registry.npmjs.org/body-parser
105 verbose request where is /serve-favicon
106 verbose request registry https://registry.npmjs.org/
107 verbose url raw /serve-favicon
108 verbose url resolving [ 'https://registry.npmjs.org/', './serve-favicon' ]
109 verbose url resolved https://registry.npmjs.org/serve-favicon
110 verbose request where is https://registry.npmjs.org/serve-favicon
111 info trying registry request attempt 1 at 11:00:29
112 verbose etag "5Y4HGQMBADUMR86B2JU87PD4Y"
113 http GET https://registry.npmjs.org/serve-favicon
114 verbose request where is /morgan
115 verbose request registry https://registry.npmjs.org/
116 verbose url raw /morgan
117 verbose url resolving [ 'https://registry.npmjs.org/', './morgan' ]
118 verbose url resolved https://registry.npmjs.org/morgan
119 verbose request where is https://registry.npmjs.org/morgan
120 info trying registry request attempt 1 at 11:00:29
121 verbose etag "6RA6BOYO0WC70JL22Z7RROO09"
122 http GET https://registry.npmjs.org/morgan
123 verbose request where is /debug
124 verbose request registry https://registry.npmjs.org/
125 verbose url raw /debug
126 verbose url resolving [ 'https://registry.npmjs.org/', './debug' ]
127 verbose url resolved https://registry.npmjs.org/debug
128 verbose request where is https://registry.npmjs.org/debug
129 info trying registry request attempt 1 at 11:00:29
130 verbose etag "8H4L45HGXGDN8GPKEY4WTFS2Y"
131 http GET https://registry.npmjs.org/debug
132 verbose request where is /express
133 verbose request registry https://registry.npmjs.org/
134 verbose url raw /express
135 verbose url resolving [ 'https://registry.npmjs.org/', './express' ]
136 verbose url resolved https://registry.npmjs.org/express
137 verbose request where is https://registry.npmjs.org/express
138 info trying registry request attempt 1 at 11:00:29
139 verbose etag "4OTHHU65LP8RQOUU7RM36H1IC"
140 http GET https://registry.npmjs.org/express
141 http 304 https://registry.npmjs.org/body-parser
142 silly registry.get cb [ 304,
142 silly registry.get   { date: 'Sat, 13 Jun 2015 09:00:29 GMT',
142 silly registry.get     via: '1.1 varnish',
142 silly registry.get     'cache-control': 'max-age=60',
142 silly registry.get     etag: '"1X110NJOXQGQD6OXPAK6D2GCT"',
142 silly registry.get     age: '5',
142 silly registry.get     connection: 'keep-alive',
142 silly registry.get     'x-served-by': 'cache-lhr6320-LHR',
142 silly registry.get     'x-cache': 'HIT',
142 silly registry.get     'x-cache-hits': '1',
142 silly registry.get     'x-timer': 'S1434186029.959454,VS0,VE1',
142 silly registry.get     vary: 'Accept' } ]
143 verbose etag https://registry.npmjs.org/body-parser from cache
144 silly addNameRange number 2 { name: 'body-parser',
144 silly addNameRange   range: '>=1.8.1-0 <1.9.0-0',
144 silly addNameRange   hasData: true }
145 silly addNameRange versions [ 'body-parser',
145 silly addNameRange   [ '1.0.0',
145 silly addNameRange     '1.0.1',
145 silly addNameRange     '1.0.2',
145 silly addNameRange     '1.1.0',
145 silly addNameRange     '1.1.1',
145 silly addNameRange     '1.1.2',
145 silly addNameRange     '1.2.0',
145 silly addNameRange     '1.2.1',
145 silly addNameRange     '1.2.2',
145 silly addNameRange     '1.3.0',
145 silly addNameRange     '1.3.1',
145 silly addNameRange     '1.4.0',
145 silly addNameRange     '1.4.1',
145 silly addNameRange     '1.4.2',
145 silly addNameRange     '1.4.3',
145 silly addNameRange     '1.5.0',
145 silly addNameRange     '1.5.1',
145 silly addNameRange     '1.5.2',
145 silly addNameRange     '1.6.0',
145 silly addNameRange     '1.6.1',
145 silly addNameRange     '1.6.2',
145 silly addNameRange     '1.6.3',
145 silly addNameRange     '1.6.4',
145 silly addNameRange     '1.6.5',
145 silly addNameRange     '1.6.6',
145 silly addNameRange     '1.6.7',
145 silly addNameRange     '1.7.0',
145 silly addNameRange     '1.8.0',
145 silly addNameRange     '1.8.1',
145 silly addNameRange     '1.8.2',
145 silly addNameRange     '1.8.3',
145 silly addNameRange     '1.8.4',
145 silly addNameRange     '1.9.0',
145 silly addNameRange     '1.9.1',
145 silly addNameRange     '1.9.2',
145 silly addNameRange     '1.9.3',
145 silly addNameRange     '1.10.0',
145 silly addNameRange     '1.10.1',
145 silly addNameRange     '1.10.2',
145 silly addNameRange     '1.11.0',
145 silly addNameRange     '1.12.0',
145 silly addNameRange     '1.12.1',
145 silly addNameRange     '1.12.2',
145 silly addNameRange     '1.12.3',
145 silly addNameRange     '1.12.4' ] ]
146 verbose addNamed [ 'body-parser', '1.8.4' ]
147 verbose addNamed [ '1.8.4', '1.8.4' ]
148 silly lockFile 5cba912c-body-parser-1-8-4 body-parser@1.8.4
149 verbose lock body-parser@1.8.4 /home/janeko/.npm/5cba912c-body-parser-1-8-4.lock
150 silly lockFile 58a51cf2-ody-parser-body-parser-1-8-4-tgz https://registry.npmjs.org/body-parser/-/body-parser-1.8.4.tgz
151 verbose lock https://registry.npmjs.org/body-parser/-/body-parser-1.8.4.tgz /home/janeko/.npm/58a51cf2-ody-parser-body-parser-1-8-4-tgz.lock
152 verbose addRemoteTarball [ 'https://registry.npmjs.org/body-parser/-/body-parser-1.8.4.tgz',
152 verbose addRemoteTarball   'd497e04bc13b3f9a8bd8c70bb0cdc16f2e028898' ]
153 info retry fetch attempt 1 at 11:00:29
154 verbose fetch to= /tmp/npm-18754-uDz355UZ/registry.npmjs.org/body-parser/-/body-parser-1.8.4.tgz
155 http GET https://registry.npmjs.org/body-parser/-/body-parser-1.8.4.tgz
156 http 200 https://registry.npmjs.org/cookie-parser
157 silly registry.get cb [ 200,
157 silly registry.get   { server: 'CouchDB/1.5.0 (Erlang OTP/R16B03)',
157 silly registry.get     etag: '"11EWD2DNJZX9T2AHPTW49SUOO"',
157 silly registry.get     'content-type': 'application/json',
157 silly registry.get     'cache-control': 'max-age=60',
157 silly registry.get     'content-length': '17197',
157 silly registry.get     'accept-ranges': 'bytes',
157 silly registry.get     date: 'Sat, 13 Jun 2015 09:00:29 GMT',
157 silly registry.get     via: '1.1 varnish',
157 silly registry.get     age: '6',
157 silly registry.get     connection: 'keep-alive',
157 silly registry.get     'x-served-by': 'cache-lhr6324-LHR',
157 silly registry.get     'x-cache': 'HIT',
157 silly registry.get     'x-cache-hits': '1',
157 silly registry.get     'x-timer': 'S1434186029.922527,VS0,VE1',
157 silly registry.get     vary: 'Accept' } ]
158 silly addNameRange number 2 { name: 'cookie-parser',
158 silly addNameRange   range: '>=1.3.3-0 <1.4.0-0',
158 silly addNameRange   hasData: true }
159 silly addNameRange versions [ 'cookie-parser',
159 silly addNameRange   [ '1.0.0',
159 silly addNameRange     '1.0.1',
159 silly addNameRange     '1.1.0',
159 silly addNameRange     '1.2.0',
159 silly addNameRange     '1.3.0',
159 silly addNameRange     '1.3.1',
159 silly addNameRange     '1.3.2',
159 silly addNameRange     '1.3.3',
159 silly addNameRange     '1.3.4',
159 silly addNameRange     '1.3.5' ] ]
160 verbose addNamed [ 'cookie-parser', '1.3.5' ]
161 verbose addNamed [ '1.3.5', '1.3.5' ]
162 silly lockFile b6f1abc3-cookie-parser-1-3-5 cookie-parser@1.3.5
163 verbose lock cookie-parser@1.3.5 /home/janeko/.npm/b6f1abc3-cookie-parser-1-3-5.lock
164 silly lockFile b6f1abc3-cookie-parser-1-3-5 cookie-parser@1.3.5
165 silly lockFile b6f1abc3-cookie-parser-1-3-5 cookie-parser@1.3.5
166 silly lockFile bf5babd8-cookie-parser-1-3-3 cookie-parser@~1.3.3
167 silly lockFile bf5babd8-cookie-parser-1-3-3 cookie-parser@~1.3.3
168 http 304 https://registry.npmjs.org/serve-favicon
169 silly registry.get cb [ 304,
169 silly registry.get   { date: 'Sat, 13 Jun 2015 09:00:30 GMT',
169 silly registry.get     via: '1.1 varnish',
169 silly registry.get     'cache-control': 'max-age=60',
169 silly registry.get     etag: '"5Y4HGQMBADUMR86B2JU87PD4Y"',
169 silly registry.get     age: '17',
169 silly registry.get     connection: 'keep-alive',
169 silly registry.get     'x-served-by': 'cache-lcy1133-LCY',
169 silly registry.get     'x-cache': 'HIT',
169 silly registry.get     'x-cache-hits': '1',
169 silly registry.get     'x-timer': 'S1434186030.016970,VS0,VE0',
169 silly registry.get     vary: 'Accept' } ]
170 verbose etag https://registry.npmjs.org/serve-favicon from cache
171 silly addNameRange number 2 { name: 'serve-favicon',
171 silly addNameRange   range: '>=2.1.3-0 <2.2.0-0',
171 silly addNameRange   hasData: true }
172 silly addNameRange versions [ 'serve-favicon',
172 silly addNameRange   [ '2.0.0',
172 silly addNameRange     '2.0.1',
172 silly addNameRange     '2.1.0',
172 silly addNameRange     '2.1.1',
172 silly addNameRange     '2.1.2',
172 silly addNameRange     '2.1.3',
172 silly addNameRange     '2.1.4',
172 silly addNameRange     '2.1.5',
172 silly addNameRange     '2.1.6',
172 silly addNameRange     '2.1.7',
172 silly addNameRange     '2.2.0',
172 silly addNameRange     '2.2.1' ] ]
173 verbose addNamed [ 'serve-favicon', '2.1.7' ]
174 verbose addNamed [ '2.1.7', '2.1.7' ]
175 silly lockFile 041e16ae-serve-favicon-2-1-7 serve-favicon@2.1.7
176 verbose lock serve-favicon@2.1.7 /home/janeko/.npm/041e16ae-serve-favicon-2-1-7.lock
177 silly lockFile 901719e4--favicon-serve-favicon-2-1-7-tgz https://registry.npmjs.org/serve-favicon/-/serve-favicon-2.1.7.tgz
178 verbose lock https://registry.npmjs.org/serve-favicon/-/serve-favicon-2.1.7.tgz /home/janeko/.npm/901719e4--favicon-serve-favicon-2-1-7-tgz.lock
179 verbose addRemoteTarball [ 'https://registry.npmjs.org/serve-favicon/-/serve-favicon-2.1.7.tgz',
179 verbose addRemoteTarball   '7b911c0ea4c0f9a2ad686daa5222766f7bc7db79' ]
180 info retry fetch attempt 1 at 11:00:30
181 verbose fetch to= /tmp/npm-18754-uDz355UZ/registry.npmjs.org/serve-favicon/-/serve-favicon-2.1.7.tgz
182 http GET https://registry.npmjs.org/serve-favicon/-/serve-favicon-2.1.7.tgz
183 http 200 https://registry.npmjs.org/debug
184 silly registry.get cb [ 200,
184 silly registry.get   { server: 'CouchDB/1.5.0 (Erlang OTP/R16B03)',
184 silly registry.get     etag: '"2T7I20OARVMTSKDMMBVQ9H064"',
184 silly registry.get     'content-type': 'application/json',
184 silly registry.get     'cache-control': 'max-age=60',
184 silly registry.get     'content-length': '34694',
184 silly registry.get     'accept-ranges': 'bytes',
184 silly registry.get     date: 'Sat, 13 Jun 2015 09:00:30 GMT',
184 silly registry.get     via: '1.1 varnish',
184 silly registry.get     age: '44',
184 silly registry.get     connection: 'keep-alive',
184 silly registry.get     'x-served-by': 'cache-lhr6320-LHR',
184 silly registry.get     'x-cache': 'HIT',
184 silly registry.get     'x-cache-hits': '1',
184 silly registry.get     'x-timer': 'S1434186030.040866,VS0,VE0',
184 silly registry.get     vary: 'Accept' } ]
185 silly addNameRange number 2 { name: 'debug', range: '>=2.0.0-0 <2.1.0-0', hasData: true }
186 silly addNameRange versions [ 'debug',
186 silly addNameRange   [ '0.0.1',
186 silly addNameRange     '0.1.0',
186 silly addNameRange     '0.2.0',
186 silly addNameRange     '0.3.0',
186 silly addNameRange     '0.4.0',
186 silly addNameRange     '0.4.1',
186 silly addNameRange     '0.5.0',
186 silly addNameRange     '0.6.0',
186 silly addNameRange     '0.7.0',
186 silly addNameRange     '0.7.1',
186 silly addNameRange     '0.7.2',
186 silly addNameRange     '0.7.3',
186 silly addNameRange     '0.7.4',
186 silly addNameRange     '0.8.0',
186 silly addNameRange     '0.8.1',
186 silly addNameRange     '1.0.0',
186 silly addNameRange     '1.0.1',
186 silly addNameRange     '1.0.2',
186 silly addNameRange     '1.0.3',
186 silly addNameRange     '1.0.4',
186 silly addNameRange     '2.0.0',
186 silly addNameRange     '2.1.0',
186 silly addNameRange     '2.1.1',
186 silly addNameRange     '2.1.2',
186 silly addNameRange     '2.1.3',
186 silly addNameRange     '2.2.0' ] ]
187 verbose addNamed [ 'debug', '2.0.0' ]
188 verbose addNamed [ '2.0.0', '2.0.0' ]
189 silly lockFile 095bd820-debug-2-0-0 debug@2.0.0
190 verbose lock debug@2.0.0 /home/janeko/.npm/095bd820-debug-2-0-0.lock
191 silly lockFile 095bd820-debug-2-0-0 debug@2.0.0
192 silly lockFile 095bd820-debug-2-0-0 debug@2.0.0
193 silly lockFile 12b6356d-debug-2-0-0 debug@~2.0.0
194 silly lockFile 12b6356d-debug-2-0-0 debug@~2.0.0
195 http 200 https://registry.npmjs.org/ejs
196 silly registry.get cb [ 200,
196 silly registry.get   { server: 'CouchDB/1.5.0 (Erlang OTP/R16B03)',
196 silly registry.get     etag: '"E7GTCFSOO16CWLF4BYYVHUTFA"',
196 silly registry.get     'content-type': 'application/json',
196 silly registry.get     'cache-control': 'max-age=60',
196 silly registry.get     'content-length': '45288',
196 silly registry.get     'accept-ranges': 'bytes',
196 silly registry.get     date: 'Sat, 13 Jun 2015 09:00:29 GMT',
196 silly registry.get     via: '1.1 varnish',
196 silly registry.get     age: '20',
196 silly registry.get     connection: 'keep-alive',
196 silly registry.get     'x-served-by': 'cache-lcy1128-LCY',
196 silly registry.get     'x-cache': 'HIT',
196 silly registry.get     'x-cache-hits': '1',
196 silly registry.get     'x-timer': 'S1434186029.942989,VS0,VE0',
196 silly registry.get     vary: 'Accept' } ]
197 silly addNameRange number 2 { name: 'ejs', range: '>=0.8.5-0 <0.9.0-0', hasData: true }
198 silly addNameRange versions [ 'ejs',
198 silly addNameRange   [ '0.0.1',
198 silly addNameRange     '0.0.2',
198 silly addNameRange     '0.0.3',
198 silly addNameRange     '0.0.4',
198 silly addNameRange     '0.1.0',
198 silly addNameRange     '0.2.0',
198 silly addNameRange     '0.2.1',
198 silly addNameRange     '0.3.0',
198 silly addNameRange     '0.3.1',
198 silly addNameRange     '0.4.0',
198 silly addNameRange     '0.4.1',
198 silly addNameRange     '0.4.2',
198 silly addNameRange     '0.4.3',
198 silly addNameRange     '0.5.0',
198 silly addNameRange     '0.6.0',
198 silly addNameRange     '0.6.1',
198 silly addNameRange     '0.7.0',
198 silly addNameRange     '0.7.1',
198 silly addNameRange     '0.7.2',
198 silly addNameRange     '0.8.0',
198 silly addNameRange     '0.8.1',
198 silly addNameRange     '0.8.2',
198 silly addNameRange     '0.8.3',
198 silly addNameRange     '0.8.4',
198 silly addNameRange     '0.8.5',
198 silly addNameRange     '0.8.6',
198 silly addNameRange     '0.8.8',
198 silly addNameRange     '1.0.0',
198 silly addNameRange     '2.0.2',
198 silly addNameRange     '2.0.3',
198 silly addNameRange     '2.0.4',
198 silly addNameRange     '2.0.5',
198 silly addNameRange     '2.0.6',
198 silly addNameRange     '2.0.7',
198 silly addNameRange     '2.0.8',
198 silly addNameRange     '2.1.1',
198 silly addNameRange     '2.1.2',
198 silly addNameRange     '2.1.3',
198 silly addNameRange     '2.1.4',
198 silly addNameRange     '2.2.1',
198 silly addNameRange     '2.2.2',
198 silly addNameRange     '2.2.3',
198 silly addNameRange     '2.2.4',
198 silly addNameRange     '2.3.1' ] ]
199 verbose addNamed [ 'ejs', '0.8.8' ]
200 verbose addNamed [ '0.8.8', '0.8.8' ]
201 silly lockFile 37d7c450-ejs-0-8-8 ejs@0.8.8
202 verbose lock ejs@0.8.8 /home/janeko/.npm/37d7c450-ejs-0-8-8.lock
203 silly lockFile 7259a2c7-stry-npmjs-org-ejs-ejs-0-8-8-tgz https://registry.npmjs.org/ejs/-/ejs-0.8.8.tgz
204 verbose lock https://registry.npmjs.org/ejs/-/ejs-0.8.8.tgz /home/janeko/.npm/7259a2c7-stry-npmjs-org-ejs-ejs-0-8-8-tgz.lock
205 verbose addRemoteTarball [ 'https://registry.npmjs.org/ejs/-/ejs-0.8.8.tgz',
205 verbose addRemoteTarball   'ffdc56dcc35d02926dd50ad13439bbc54061d598' ]
206 info retry fetch attempt 1 at 11:00:30
207 verbose fetch to= /tmp/npm-18754-uDz355UZ/registry.npmjs.org/ejs/-/ejs-0.8.8.tgz
208 http GET https://registry.npmjs.org/ejs/-/ejs-0.8.8.tgz
209 http 200 https://registry.npmjs.org/morgan
210 silly registry.get cb [ 200,
210 silly registry.get   { server: 'CouchDB/1.5.0 (Erlang OTP/R16B03)',
210 silly registry.get     etag: '"5539QCTNX9VALPSWRSFFT7NEH"',
210 silly registry.get     'content-type': 'application/json',
210 silly registry.get     'cache-control': 'max-age=60',
210 silly registry.get     'content-length': '39863',
210 silly registry.get     'accept-ranges': 'bytes',
210 silly registry.get     date: 'Sat, 13 Jun 2015 09:00:29 GMT',
210 silly registry.get     via: '1.1 varnish',
210 silly registry.get     age: '43',
210 silly registry.get     connection: 'keep-alive',
210 silly registry.get     'x-served-by': 'cache-fra1231-FRA',
210 silly registry.get     'x-cache': 'HIT',
210 silly registry.get     'x-cache-hits': '2',
210 silly registry.get     'x-timer': 'S1434186029.995931,VS0,VE0',
210 silly registry.get     vary: 'Accept' } ]
211 silly addNameRange number 2 { name: 'morgan', range: '>=1.3.0-0 <1.4.0-0', hasData: true }
212 silly addNameRange versions [ 'morgan',
212 silly addNameRange   [ '1.0.0',
212 silly addNameRange     '1.0.1',
212 silly addNameRange     '1.1.0',
212 silly addNameRange     '1.1.1',
212 silly addNameRange     '1.2.0',
212 silly addNameRange     '1.2.1',
212 silly addNameRange     '1.2.2',
212 silly addNameRange     '1.2.3',
212 silly addNameRange     '1.3.0',
212 silly addNameRange     '1.3.1',
212 silly addNameRange     '1.3.2',
212 silly addNameRange     '1.4.0',
212 silly addNameRange     '1.4.1',
212 silly addNameRange     '1.5.0',
212 silly addNameRange     '1.5.1',
212 silly addNameRange     '1.5.2',
212 silly addNameRange     '1.5.3',
212 silly addNameRange     '1.6.0' ] ]
213 verbose addNamed [ 'morgan', '1.3.2' ]
214 verbose addNamed [ '1.3.2', '1.3.2' ]
215 silly lockFile 7e2b41c6-morgan-1-3-2 morgan@1.3.2
216 verbose lock morgan@1.3.2 /home/janeko/.npm/7e2b41c6-morgan-1-3-2.lock
217 silly lockFile cac8e271-pmjs-org-morgan-morgan-1-3-2-tgz https://registry.npmjs.org/morgan/-/morgan-1.3.2.tgz
218 verbose lock https://registry.npmjs.org/morgan/-/morgan-1.3.2.tgz /home/janeko/.npm/cac8e271-pmjs-org-morgan-morgan-1-3-2-tgz.lock
219 verbose addRemoteTarball [ 'https://registry.npmjs.org/morgan/-/morgan-1.3.2.tgz',
219 verbose addRemoteTarball   'ac41aa15221ee4e5f2ac843896b6918139a18efd' ]
220 info retry fetch attempt 1 at 11:00:30
221 verbose fetch to= /tmp/npm-18754-uDz355UZ/registry.npmjs.org/morgan/-/morgan-1.3.2.tgz
222 http GET https://registry.npmjs.org/morgan/-/morgan-1.3.2.tgz
223 http 200 https://registry.npmjs.org/body-parser/-/body-parser-1.8.4.tgz
224 silly lockFile 58a51cf2-ody-parser-body-parser-1-8-4-tgz https://registry.npmjs.org/body-parser/-/body-parser-1.8.4.tgz
225 silly lockFile 58a51cf2-ody-parser-body-parser-1-8-4-tgz https://registry.npmjs.org/body-parser/-/body-parser-1.8.4.tgz
226 silly lockFile 5cba912c-body-parser-1-8-4 body-parser@1.8.4
227 silly lockFile 5cba912c-body-parser-1-8-4 body-parser@1.8.4
228 silly lockFile a49948c1-body-parser-1-8-1 body-parser@~1.8.1
229 silly lockFile a49948c1-body-parser-1-8-1 body-parser@~1.8.1
230 http 200 https://registry.npmjs.org/serve-favicon/-/serve-favicon-2.1.7.tgz
231 silly lockFile 901719e4--favicon-serve-favicon-2-1-7-tgz https://registry.npmjs.org/serve-favicon/-/serve-favicon-2.1.7.tgz
232 silly lockFile 901719e4--favicon-serve-favicon-2-1-7-tgz https://registry.npmjs.org/serve-favicon/-/serve-favicon-2.1.7.tgz
233 silly lockFile 041e16ae-serve-favicon-2-1-7 serve-favicon@2.1.7
234 silly lockFile 041e16ae-serve-favicon-2-1-7 serve-favicon@2.1.7
235 silly lockFile 38295489-serve-favicon-2-1-3 serve-favicon@~2.1.3
236 silly lockFile 38295489-serve-favicon-2-1-3 serve-favicon@~2.1.3
237 http 200 https://registry.npmjs.org/express
238 silly registry.get cb [ 200,
238 silly registry.get   { server: 'CouchDB/1.5.0 (Erlang OTP/R16B03)',
238 silly registry.get     etag: '"462F82DIA7S5FWD31PT27QKOS"',
238 silly registry.get     'content-type': 'application/json',
238 silly registry.get     'cache-control': 'max-age=60',
238 silly registry.get     'content-length': '499753',
238 silly registry.get     'accept-ranges': 'bytes',
238 silly registry.get     date: 'Sat, 13 Jun 2015 09:00:30 GMT',
238 silly registry.get     via: '1.1 varnish',
238 silly registry.get     age: '44',
238 silly registry.get     connection: 'keep-alive',
238 silly registry.get     'x-served-by': 'cache-lhr6324-LHR',
238 silly registry.get     'x-cache': 'HIT',
238 silly registry.get     'x-cache-hits': '1',
238 silly registry.get     'x-timer': 'S1434186030.085730,VS0,VE6',
238 silly registry.get     vary: 'Accept' } ]
239 http 200 https://registry.npmjs.org/morgan/-/morgan-1.3.2.tgz
240 silly addNameRange number 2 { name: 'express', range: '>=4.9.0-0 <4.10.0-0', hasData: true }
241 silly addNameRange versions [ 'express',
241 silly addNameRange   [ '0.14.0',
241 silly addNameRange     '0.14.1',
241 silly addNameRange     '1.0.0',
241 silly addNameRange     '1.0.1',
241 silly addNameRange     '1.0.2',
241 silly addNameRange     '1.0.3',
241 silly addNameRange     '1.0.4',
241 silly addNameRange     '1.0.5',
241 silly addNameRange     '1.0.6',
241 silly addNameRange     '1.0.7',
241 silly addNameRange     '1.0.8',
241 silly addNameRange     '2.0.0',
241 silly addNameRange     '2.1.0',
241 silly addNameRange     '2.1.1',
241 silly addNameRange     '2.2.0',
241 silly addNameRange     '2.2.1',
241 silly addNameRange     '2.2.2',
241 silly addNameRange     '2.3.0',
241 silly addNameRange     '2.3.1',
241 silly addNameRange     '2.3.2',
241 silly addNameRange     '2.3.3',
241 silly addNameRange     '2.3.4',
241 silly addNameRange     '2.3.5',
241 silly addNameRange     '2.3.6',
241 silly addNameRange     '2.3.7',
241 silly addNameRange     '2.3.8',
241 silly addNameRange     '2.3.9',
241 silly addNameRange     '2.3.10',
241 silly addNameRange     '2.3.11',
241 silly addNameRange     '2.3.12',
241 silly addNameRange     '2.4.0',
241 silly addNameRange     '2.4.1',
241 silly addNameRange     '2.4.2',
241 silly addNameRange     '2.4.3',
241 silly addNameRange     '2.4.4',
241 silly addNameRange     '2.4.5',
241 silly addNameRange     '2.4.6',
241 silly addNameRange     '2.4.7',
241 silly addNameRange     '2.5.0',
241 silly addNameRange     '2.5.1',
241 silly addNameRange     '2.5.2',
241 silly addNameRange     '2.5.3',
241 silly addNameRange     '2.5.4',
241 silly addNameRange     '2.5.5',
241 silly addNameRange     '2.5.6',
241 silly addNameRange     '2.5.7',
241 silly addNameRange     '2.5.8',
241 silly addNameRange     '2.5.9',
241 silly addNameRange     '2.5.10',
241 silly addNameRange     '2.5.11',
241 silly addNameRange     '3.0.0',
241 silly addNameRange     '3.0.1',
241 silly addNameRange     '3.0.2',
241 silly addNameRange     '3.0.3',
241 silly addNameRange     '3.0.4',
241 silly addNameRange     '3.0.5',
241 silly addNameRange     '3.0.6',
241 silly addNameRange     '3.1.0',
241 silly addNameRange     '3.1.1',
241 silly addNameRange     '3.1.2',
241 silly addNameRange     '3.2.0',
241 silly addNameRange     '3.2.1',
241 silly addNameRange     '3.2.2',
241 silly addNameRange     '3.2.3',
241 silly addNameRange     '3.2.4',
241 silly addNameRange     '3.2.5',
241 silly addNameRange     '3.2.6',
241 silly addNameRange     '3.3.0',
241 silly addNameRange     '3.3.1',
241 silly addNameRange     '3.3.2',
241 silly addNameRange     '3.3.3',
241 silly addNameRange     '3.3.4',
241 silly addNameRange     '3.3.5',
241 silly addNameRange     '3.3.6',
241 silly addNameRange     '1.0.0-beta',
241 silly addNameRange     '1.0.0-beta2',
241 silly addNameRange     '1.0.0-rc',
241 silly addNameRange     '1.0.0-rc2',
241 silly addNameRange     '1.0.0-rc3',
241 silly addNameRange     '1.0.0-rc4',
241 silly addNameRange     '2.0.0-beta',
241 silly addNameRange     '2.0.0-beta2',
241 silly addNameRange     '2.0.0-beta3',
241 silly addNameRange     '2.0.0-rc',
241 silly addNameRange     '2.0.0-rc2',
241 silly addNameRange     '2.0.0-rc3',
241 silly addNameRange     '3.0.0-alpha1',
241 silly addNameRange     '3.0.0-alpha2',
241 silly addNameRange     '3.0.0-alpha3',
241 silly addNameRange     '3.0.0-alpha4',
241 silly addNameRange     '3.0.0-alpha5',
241 silly addNameRange     '3.0.0-beta1',
241 silly addNameRange     '3.0.0-beta2',
241 silly addNameRange     '3.0.0-beta3',
241 silly addNameRange     '3.0.0-beta4',
241 silly addNameRange     '3.0.0-beta6',
241 silly addNameRange     '3.0.0-beta7',
241 silly addNameRange     '3.0.0-rc1',
241 silly addNameRange     '3.0.0-rc2',
241 silly addNameRange     '3.0.0-rc3',
241 silly addNameRange     '3.0.0-rc4',
241 silly addNameRange     '3.0.0-rc5',
241 silly addNameRange     '3.3.7',
241 silly addNameRange     '3.3.8',
241 silly addNameRange     '3.4.0',
241 silly addNameRange     '3.4.1',
241 silly addNameRange     '3.4.2',
241 silly addNameRange     '3.4.3',
241 silly addNameRange     '3.4.4',
241 silly addNameRange     '3.4.5',
241 silly addNameRange     '3.4.6',
241 silly addNameRange     '3.4.7',
241 silly addNameRange     '3.4.8',
241 silly addNameRange     '4.0.0-rc1',
241 silly addNameRange     '4.0.0-rc2',
241 silly addNameRange     '3.5.0',
241 silly addNameRange     '4.0.0-rc3',
241 silly addNameRange     '4.0.0-rc4',
241 silly addNameRange     '3.5.1',
241 silly addNameRange     '4.0.0',
241 silly addNameRange     '3.5.2',
241 silly addNameRange     '4.1.0',
241 silly addNameRange     '4.1.1',
241 silly addNameRange     '3.5.3',
241 silly addNameRange     '4.1.2',
241 silly addNameRange     '3.6.0',
241 silly addNameRange     '4.2.0',
241 silly addNameRange     '3.7.0',
241 silly addNameRange     '3.8.0',
241 silly addNameRange     '4.3.0',
241 silly addNameRange     '4.3.1',
241 silly addNameRange     '3.8.1',
241 silly addNameRange     '4.3.2',
241 silly addNameRange     '3.9.0',
241 silly addNameRange     '4.4.0',
241 silly addNameRange     '4.4.1',
241 silly addNameRange     '3.10.0',
241 silly addNameRange     '3.10.1',
241 silly addNameRange     '3.10.2',
241 silly addNameRange     '3.10.3',
241 silly addNameRange     '3.10.4',
241 silly addNameRange     '4.4.2',
241 silly addNameRange     '3.10.5',
241 silly addNameRange     '4.4.3',
241 silly addNameRange     '3.11.0',
241 silly addNameRange     '4.4.4',
241 silly addNameRange     '3.12.0',
241 silly addNameRange     '3.12.1',
241 silly addNameRange     '4.4.5',
241 silly addNameRange     '3.13.0',
241 silly addNameRange     '4.5.0',
241 silly addNameRange     '4.5.1',
241 silly addNameRange     '3.14.0',
241 silly addNameRange     '4.6.0',
241 silly addNameRange     '4.6.1',
241 silly addNameRange     '3.15.0',
241 silly addNameRange     '4.7.0',
241 silly addNameRange     '3.15.1',
241 silly addNameRange     '4.7.1',
241 silly addNameRange     '3.15.2',
241 silly addNameRange     '4.7.2',
241 silly addNameRange     '4.7.3',
241 silly addNameRange     '3.15.3',
241 silly addNameRange     '4.7.4',
241 silly addNameRange     '3.16.0',
241 silly addNameRange     '4.8.0',
241 silly addNameRange     '3.16.1',
241 silly addNameRange     '4.8.1',
241 silly addNameRange     '3.16.2',
241 silly addNameRange     '4.8.2',
241 silly addNameRange     '3.16.3',
241 silly addNameRange     '3.16.4',
241 silly addNameRange     '4.8.3',
241 silly addNameRange     '3.16.5',
241 silly addNameRange     '3.16.6',
241 silly addNameRange     '4.8.4',
241 silly addNameRange     '3.16.7',
241 silly addNameRange     '4.8.5',
241 silly addNameRange     '3.16.8',
241 silly addNameRange     '4.8.6',
241 silly addNameRange     '3.16.9',
241 silly addNameRange     '4.8.7',
241 silly addNameRange     '3.16.10',
241 silly addNameRange     '4.8.8',
241 silly addNameRange     '3.17.0',
241 silly addNameRange     '3.17.1',
241 silly addNameRange     '4.9.0',
241 silly addNameRange     '3.17.2',
241 silly addNameRange     '4.9.1',
241 silly addNameRange     '4.9.2',
241 silly addNameRange     '3.17.3',
241 silly addNameRange     '4.9.3',
241 silly addNameRange     '3.17.4',
241 silly addNameRange     '4.9.4',
241 silly addNameRange     '3.17.5',
241 silly addNameRange     '4.9.5',
241 silly addNameRange     '3.17.6',
241 silly addNameRange     '3.17.7',
241 silly addNameRange     '4.9.6',
241 silly addNameRange     '4.9.7',
241 silly addNameRange     '3.17.8',
241 silly addNameRange     '4.9.8',
241 silly addNameRange     '3.18.0',
241 silly addNameRange     '3.18.1',
241 silly addNameRange     '4.10.0',
241 silly addNameRange     '3.18.2',
241 silly addNameRange     '4.10.1',
241 silly addNameRange     '5.0.0-alpha.1',
241 silly addNameRange     '3.18.3',
241 silly addNameRange     '4.10.2',
241 silly addNameRange     '3.18.4',
241 silly addNameRange     '4.10.3',
241 silly addNameRange     '4.10.4',
241 silly addNameRange     '4.10.5',
241 silly addNameRange     '3.18.5',
241 silly addNameRange     '3.18.6',
241 silly addNameRange     '4.10.6',
241 silly addNameRange     '4.10.7',
241 silly addNameRange     '3.19.0',
241 silly addNameRange     '4.10.8',
241 silly addNameRange     '4.11.0',
241 silly addNameRange     '3.19.1',
241 silly addNameRange     '4.11.1',
241 silly addNameRange     '3.19.2',
241 silly addNameRange     '4.11.2',
241 silly addNameRange     '3.20.0',
241 silly addNameRange     '4.12.0',
241 silly addNameRange     '3.20.1',
241 silly addNameRange     '4.12.1',
241 silly addNameRange     '4.12.2',
241 silly addNameRange     '3.20.2',
241 silly addNameRange     '4.12.3',
241 silly addNameRange     '3.20.3',
241 silly addNameRange     '4.12.4' ] ]
242 verbose addNamed [ 'express', '4.9.8' ]
243 verbose addNamed [ '4.9.8', '4.9.8' ]
244 silly lockFile 3e3a25f6-express-4-9-8 express@4.9.8
245 verbose lock express@4.9.8 /home/janeko/.npm/3e3a25f6-express-4-9-8.lock
246 silly lockFile 2d7fb097-js-org-express-express-4-9-8-tgz https://registry.npmjs.org/express/-/express-4.9.8.tgz
247 verbose lock https://registry.npmjs.org/express/-/express-4.9.8.tgz /home/janeko/.npm/2d7fb097-js-org-express-express-4-9-8-tgz.lock
248 verbose addRemoteTarball [ 'https://registry.npmjs.org/express/-/express-4.9.8.tgz',
248 verbose addRemoteTarball   'f360f596baeabbd0e5223b603d6eb578d9d2d10d' ]
249 info retry fetch attempt 1 at 11:00:30
250 verbose fetch to= /tmp/npm-18754-uDz355UZ/registry.npmjs.org/express/-/express-4.9.8.tgz
251 http GET https://registry.npmjs.org/express/-/express-4.9.8.tgz
252 silly lockFile cac8e271-pmjs-org-morgan-morgan-1-3-2-tgz https://registry.npmjs.org/morgan/-/morgan-1.3.2.tgz
253 silly lockFile cac8e271-pmjs-org-morgan-morgan-1-3-2-tgz https://registry.npmjs.org/morgan/-/morgan-1.3.2.tgz
254 silly lockFile 7e2b41c6-morgan-1-3-2 morgan@1.3.2
255 silly lockFile 7e2b41c6-morgan-1-3-2 morgan@1.3.2
256 silly lockFile a4a9bdf4-morgan-1-3-0 morgan@~1.3.0
257 silly lockFile a4a9bdf4-morgan-1-3-0 morgan@~1.3.0
258 http 200 https://registry.npmjs.org/ejs/-/ejs-0.8.8.tgz
259 silly lockFile 7259a2c7-stry-npmjs-org-ejs-ejs-0-8-8-tgz https://registry.npmjs.org/ejs/-/ejs-0.8.8.tgz
260 silly lockFile 7259a2c7-stry-npmjs-org-ejs-ejs-0-8-8-tgz https://registry.npmjs.org/ejs/-/ejs-0.8.8.tgz
261 silly lockFile 37d7c450-ejs-0-8-8 ejs@0.8.8
262 silly lockFile 37d7c450-ejs-0-8-8 ejs@0.8.8
263 silly lockFile 05610aaa-ejs-0-8-5 ejs@~0.8.5
264 silly lockFile 05610aaa-ejs-0-8-5 ejs@~0.8.5
265 http 200 https://registry.npmjs.org/express/-/express-4.9.8.tgz
266 silly lockFile 2d7fb097-js-org-express-express-4-9-8-tgz https://registry.npmjs.org/express/-/express-4.9.8.tgz
267 silly lockFile 2d7fb097-js-org-express-express-4-9-8-tgz https://registry.npmjs.org/express/-/express-4.9.8.tgz
268 silly lockFile 3e3a25f6-express-4-9-8 express@4.9.8
269 silly lockFile 3e3a25f6-express-4-9-8 express@4.9.8
270 silly lockFile 6ae7fa08-express-4-9-0 express@~4.9.0
271 silly lockFile 6ae7fa08-express-4-9-0 express@~4.9.0
272 error Error: EACCES, mkdir '/home/janeko/.npm/express/4.9.8'
272 error  { [Error: EACCES, mkdir '/home/janeko/.npm/express/4.9.8']
272 error   errno: 3,
272 error   code: 'EACCES',
272 error   path: '/home/janeko/.npm/express/4.9.8',
272 error   parent: 'quiz' }
273 error Please try running this command again as root/Administrator.
274 error System Linux 3.13.0-34-generic
275 error command "/usr/local/bin/node" "/usr/local/bin/npm" "install"
276 error cwd /home/janeko/node/Miriadax/quiz
277 error node -v v0.10.32
278 error npm -v 1.4.28
279 error path /home/janeko/.npm/express/4.9.8
280 error code EACCES
281 error errno 3
282 error stack Error: EACCES, mkdir '/home/janeko/.npm/express/4.9.8'
283 verbose exit [ 3, true ]
